<?xml version="1.0" encoding="UTF-8"?>
<!-- Generated by org.testng.reporters.JUnitReportReporter -->
<testsuite skipped="0" hostname="smrity-PC" name="HomePage.NewTest" tests="1" failures="0" timestamp="28 May 2017 09:08:28 GMT" time="0.374" errors="0">
  <testcase name="HomePage" time="0.374" classname="HomePage.NewTest"/>
</testsuite> <!-- HomePage.NewTest -->
