<?xml version="1.0" encoding="UTF-8"?>
<!-- Generated by org.testng.reporters.JUnitReportReporter -->
<testsuite skipped="0" hostname="smrity-PC" name="HomePage.TC001" tests="1" failures="0" timestamp="28 May 2017 17:45:59 GMT" time="7.292" errors="0">
  <testcase name="HomePage" time="7.292" classname="HomePage.TC001"/>
</testsuite> <!-- HomePage.TC001 -->
